Info_2023/6/16 19:33:24: By AlanDu Time:2023/6/16 19:33:24
Info_2023/6/16 19:33:24: Version 0.1
Info_2023/6/16 19:33:24: Function Protobuf Resolver
Info_2023/6/16 19:33:24: protoDirPath：/Users/admin/Git/Deer_GameFramework_Wolong/LubanTools/Proto/pb_message
Info_2023/6/16 19:33:24: ProtoOutputPath：../../Assets/Deer/Scripts/HotFix/HotFixCommon/Definition/Constant
Info_2023/6/16 19:33:24: 输出日志：：：1-0
Warn_2023/6/16 19:33:24: 当前有重复mainRoute:1 subRoute0
Info_2023/6/16 19:33:24: 输出日志：：：1-0
Info_2023/6/16 19:33:24: 输出日志：：：1-1
Warn_2023/6/16 19:33:24: 当前有重复mainRoute:1 subRoute1
Info_2023/6/16 19:33:24: 输出日志：：：1-1
Warn_2023/6/16 19:33:24: 当前有重复mainRoute:1 subRoute1
Info_2023/6/16 19:33:24: 输出日志：：：1-1
Info_2023/6/16 19:33:24: 输出日志：：：1-2
Info_2023/6/16 19:33:24: 输出日志：：：1-3
Warn_2023/6/16 19:33:24: 当前有重复mainRoute:1 subRoute3
Info_2023/6/16 19:33:24: 输出日志：：：1-3
Info_2023/6/16 19:33:24: 输出日志：：：1-4
Info_2023/6/16 19:33:24: 输出日志：：：1-5
Info_2023/6/16 19:33:24: 输出日志：：：1-6
